<?xml version="1.0" encoding="UTF-8"?>
<!-- Generated by org.testng.reporters.JUnitReportReporter -->
<testsuite name="com.wipro.testcaes.RegAndAddToCartTcase" tests="5" time="146.828" ignored="0" failures="0" timestamp="13 Feb 2018 06:17:15 GMT" skipped="0" hostname="D-113064882" errors="0">
  <testcase name="addToCart" time="59.617" classname="com.wipro.testcaes.RegAndAddToCartTcase"/>
  <testcase name="addReviewOnViewedProduct" time="61.778" classname="com.wipro.testcaes.RegAndAddToCartTcase"/>
  <testcase name="addToWishlist" time="2.122" classname="com.wipro.testcaes.RegAndAddToCartTcase"/>
  <testcase name="addReviewOnViewedProduct" time="21.277" classname="com.wipro.testcaes.RegAndAddToCartTcase"/>
  <testcase name="registration" time="2.034" classname="com.wipro.testcaes.RegAndAddToCartTcase"/>
</testsuite> <!-- com.wipro.testcaes.RegAndAddToCartTcase -->
